This file contains any messages produced by compilers while
running configure, to aid debugging if configure makes a mistake.

It was created by AutoUp configure 0.1, which was
generated by GNU Autoconf 2.68.  Invocation command line was

  $ ./configure 

## --------- ##
## Platform. ##
## --------- ##

hostname = Dev-VM
uname -m = x86_64
uname -r = 3.2.4-1-ARCH
uname -s = Linux
uname -v = #1 SMP PREEMPT Sat Feb 4 10:53:01 CET 2012

/usr/bin/uname -p = unknown
/bin/uname -X     = unknown

/bin/arch              = x86_64
/usr/bin/arch -k       = unknown
/usr/convex/getsysinfo = unknown
/usr/bin/hostinfo      = unknown
/bin/machine           = unknown
/usr/bin/oslevel       = unknown
/bin/universe          = unknown

PATH: /usr/local/bin
PATH: /usr/bin
PATH: /bin
PATH: /usr/local/sbin
PATH: /usr/sbin
PATH: /sbin
PATH: /usr/share/java/apache-ant/bin
PATH: /usr/bin/core_perl


## ----------- ##
## Core tests. ##
## ----------- ##

configure:2068: checking for a BSD-compatible install
configure:2136: result: /bin/install -c
configure:2147: checking whether build environment is sane
configure:2197: result: yes
configure:2338: checking for a thread-safe mkdir -p
configure:2377: result: /bin/mkdir -p
configure:2390: checking for gawk
configure:2406: found /usr/bin/gawk
configure:2417: result: gawk
configure:2428: checking whether make sets $(MAKE)
configure:2450: result: yes
configure:2571: checking for gcc
configure:2587: found /usr/bin/gcc
configure:2598: result: gcc
configure:2827: checking for C compiler version
configure:2836: gcc --version >&5
gcc (GCC) 4.6.2 20120120 (prerelease)
Copyright (C) 2011 Free Software Foundation, Inc.
This is free software; see the source for copying conditions.  There is NO
warranty; not even for MERCHANTABILITY or FITNESS FOR A PARTICULAR PURPOSE.

configure:2847: $? = 0
configure:2836: gcc -v >&5
Using built-in specs.
COLLECT_GCC=gcc
COLLECT_LTO_WRAPPER=/usr/lib/gcc/x86_64-unknown-linux-gnu/4.6.2/lto-wrapper
Target: x86_64-unknown-linux-gnu
Configured with: /build/src/gcc-4.6-20120120/configure --prefix=/usr --libdir=/usr/lib --libexecdir=/usr/lib --mandir=/usr/share/man --infodir=/usr/share/info --with-bugurl=https://bugs.archlinux.org/ --enable-languages=c,c++,ada,fortran,go,lto,objc,obj-c++ --enable-shared --enable-threads=posix --with-system-zlib --enable-__cxa_atexit --disable-libunwind-exceptions --enable-clocale=gnu --disable-libstdcxx-pch --enable-libstdcxx-time --enable-gnu-unique-object --enable-linker-build-id --with-ppl --enable-cloog-backend=isl --enable-lto --enable-gold --enable-ld=default --enable-plugin --with-plugin-ld=ld.gold --disable-multilib --disable-libssp --enable-checking=release
Thread model: posix
gcc version 4.6.2 20120120 (prerelease) (GCC) 
configure:2847: $? = 0
configure:2836: gcc -V >&5
gcc: error: unrecognized option '-V'
gcc: fatal error: no input files
compilation terminated.
configure:2847: $? = 1
configure:2836: gcc -qversion >&5
gcc: error: unrecognized option '-qversion'
gcc: fatal error: no input files
compilation terminated.
configure:2847: $? = 1
configure:2867: checking whether the C compiler works
configure:2889: gcc    conftest.c  >&5
configure:2893: $? = 0
configure:2941: result: yes
configure:2944: checking for C compiler default output file name
configure:2946: result: a.out
configure:2952: checking for suffix of executables
configure:2959: gcc -o conftest    conftest.c  >&5
configure:2963: $? = 0
configure:2985: result: 
configure:3007: checking whether we are cross compiling
configure:3015: gcc -o conftest    conftest.c  >&5
configure:3019: $? = 0
configure:3026: ./conftest
configure:3030: $? = 0
configure:3045: result: no
configure:3050: checking for suffix of object files
configure:3072: gcc -c   conftest.c >&5
configure:3076: $? = 0
configure:3097: result: o
configure:3101: checking whether we are using the GNU C compiler
configure:3120: gcc -c   conftest.c >&5
configure:3120: $? = 0
configure:3129: result: yes
configure:3138: checking whether gcc accepts -g
configure:3158: gcc -c -g  conftest.c >&5
configure:3158: $? = 0
configure:3199: result: yes
configure:3216: checking for gcc option to accept ISO C89
configure:3280: gcc  -c -g -O2  conftest.c >&5
configure:3280: $? = 0
configure:3293: result: none needed
configure:3324: checking for style of include used by make
configure:3352: result: GNU
configure:3378: checking dependency style of gcc
configure:3489: result: gcc3
configure:3505: checking whether gcc and cc understand -c and -o together
configure:3536: gcc -c conftest.c -o conftest2.o >&5
configure:3540: $? = 0
configure:3546: gcc -c conftest.c -o conftest2.o >&5
configure:3550: $? = 0
configure:3561: cc -c conftest.c >&5
configure:3565: $? = 0
configure:3573: cc -c conftest.c -o conftest2.o >&5
configure:3577: $? = 0
configure:3583: cc -c conftest.c -o conftest2.o >&5
configure:3587: $? = 0
configure:3605: result: yes
configure:3686: checking for pkg-config
configure:3704: found /usr/bin/pkg-config
configure:3716: result: /usr/bin/pkg-config
configure:3741: checking pkg-config is at least version 0.9.0
configure:3744: result: yes
configure:3754: checking for DEPS
configure:3761: $PKG_CONFIG --exists --print-errors "gtk+-2.0 >= 2.2 glib-2.0 >= 2.2"
configure:3764: $? = 0
configure:3778: $PKG_CONFIG --exists --print-errors "gtk+-2.0 >= 2.2 glib-2.0 >= 2.2"
configure:3781: $? = 0
configure:3839: result: yes
configure:3853: checking how to run the C preprocessor
configure:3884: gcc -E  conftest.c
configure:3884: $? = 0
configure:3898: gcc -E  conftest.c
conftest.c:9:28: fatal error: ac_nonexistent.h: No such file or directory
compilation terminated.
configure:3898: $? = 1
configure: failed program was:
| /* confdefs.h */
| #define PACKAGE_NAME "AutoUp"
| #define PACKAGE_TARNAME "autoup"
| #define PACKAGE_VERSION "0.1"
| #define PACKAGE_STRING "AutoUp 0.1"
| #define PACKAGE_BUGREPORT "kenning1@illinois.edu"
| #define PACKAGE_URL ""
| /* end confdefs.h.  */
| #include <ac_nonexistent.h>
configure:3923: result: gcc -E
configure:3943: gcc -E  conftest.c
configure:3943: $? = 0
configure:3957: gcc -E  conftest.c
conftest.c:9:28: fatal error: ac_nonexistent.h: No such file or directory
compilation terminated.
configure:3957: $? = 1
configure: failed program was:
| /* confdefs.h */
| #define PACKAGE_NAME "AutoUp"
| #define PACKAGE_TARNAME "autoup"
| #define PACKAGE_VERSION "0.1"
| #define PACKAGE_STRING "AutoUp 0.1"
| #define PACKAGE_BUGREPORT "kenning1@illinois.edu"
| #define PACKAGE_URL ""
| /* end confdefs.h.  */
| #include <ac_nonexistent.h>
configure:3986: checking for grep that handles long lines and -e
configure:4044: result: /bin/grep
configure:4049: checking for egrep
configure:4111: result: /bin/grep -E
configure:4116: checking for ANSI C header files
configure:4136: gcc -c -g -O2  conftest.c >&5
configure:4136: $? = 0
configure:4209: gcc -o conftest -g -O2   conftest.c  >&5
configure:4209: $? = 0
configure:4209: ./conftest
configure:4209: $? = 0
configure:4220: result: yes
configure:4233: checking for sys/types.h
configure:4233: gcc -c -g -O2  conftest.c >&5
configure:4233: $? = 0
configure:4233: result: yes
configure:4233: checking for sys/stat.h
configure:4233: gcc -c -g -O2  conftest.c >&5
configure:4233: $? = 0
configure:4233: result: yes
configure:4233: checking for stdlib.h
configure:4233: gcc -c -g -O2  conftest.c >&5
configure:4233: $? = 0
configure:4233: result: yes
configure:4233: checking for string.h
configure:4233: gcc -c -g -O2  conftest.c >&5
configure:4233: $? = 0
configure:4233: result: yes
configure:4233: checking for memory.h
configure:4233: gcc -c -g -O2  conftest.c >&5
configure:4233: $? = 0
configure:4233: result: yes
configure:4233: checking for strings.h
configure:4233: gcc -c -g -O2  conftest.c >&5
configure:4233: $? = 0
configure:4233: result: yes
configure:4233: checking for inttypes.h
configure:4233: gcc -c -g -O2  conftest.c >&5
configure:4233: $? = 0
configure:4233: result: yes
configure:4233: checking for stdint.h
configure:4233: gcc -c -g -O2  conftest.c >&5
configure:4233: $? = 0
configure:4233: result: yes
configure:4233: checking for unistd.h
configure:4233: gcc -c -g -O2  conftest.c >&5
configure:4233: $? = 0
configure:4233: result: yes
configure:4248: checking for stdlib.h
configure:4248: result: yes
configure:4248: checking for string.h
configure:4248: result: yes
configure:4395: creating ./config.status

## ---------------------- ##
## Running config.status. ##
## ---------------------- ##

This file was extended by AutoUp config.status 0.1, which was
generated by GNU Autoconf 2.68.  Invocation command line was

  CONFIG_FILES    = 
  CONFIG_HEADERS  = 
  CONFIG_LINKS    = 
  CONFIG_COMMANDS = 
  $ ./config.status 

on Dev-VM

config.status:867: creating Makefile
config.status:867: creating config.h
config.status:1048: config.h is unchanged
config.status:1096: executing depfiles commands

## ---------------- ##
## Cache variables. ##
## ---------------- ##

ac_cv_c_compiler_gnu=yes
ac_cv_env_CC_set=
ac_cv_env_CC_value=
ac_cv_env_CFLAGS_set=
ac_cv_env_CFLAGS_value=
ac_cv_env_CPPFLAGS_set=
ac_cv_env_CPPFLAGS_value=
ac_cv_env_CPP_set=
ac_cv_env_CPP_value=
ac_cv_env_DEPS_CFLAGS_set=
ac_cv_env_DEPS_CFLAGS_value=
ac_cv_env_DEPS_LIBS_set=
ac_cv_env_DEPS_LIBS_value=
ac_cv_env_LDFLAGS_set=
ac_cv_env_LDFLAGS_value=
ac_cv_env_LIBS_set=
ac_cv_env_LIBS_value=
ac_cv_env_PKG_CONFIG_LIBDIR_set=
ac_cv_env_PKG_CONFIG_LIBDIR_value=
ac_cv_env_PKG_CONFIG_PATH_set=
ac_cv_env_PKG_CONFIG_PATH_value=
ac_cv_env_PKG_CONFIG_set=
ac_cv_env_PKG_CONFIG_value=
ac_cv_env_build_alias_set=
ac_cv_env_build_alias_value=
ac_cv_env_host_alias_set=
ac_cv_env_host_alias_value=
ac_cv_env_target_alias_set=
ac_cv_env_target_alias_value=
ac_cv_header_inttypes_h=yes
ac_cv_header_memory_h=yes
ac_cv_header_stdc=yes
ac_cv_header_stdint_h=yes
ac_cv_header_stdlib_h=yes
ac_cv_header_string_h=yes
ac_cv_header_strings_h=yes
ac_cv_header_sys_stat_h=yes
ac_cv_header_sys_types_h=yes
ac_cv_header_unistd_h=yes
ac_cv_objext=o
ac_cv_path_EGREP='/bin/grep -E'
ac_cv_path_GREP=/bin/grep
ac_cv_path_ac_pt_PKG_CONFIG=/usr/bin/pkg-config
ac_cv_path_install='/bin/install -c'
ac_cv_path_mkdir=/bin/mkdir
ac_cv_prog_AWK=gawk
ac_cv_prog_CPP='gcc -E'
ac_cv_prog_ac_ct_CC=gcc
ac_cv_prog_cc_c89=
ac_cv_prog_cc_g=yes
ac_cv_prog_cc_gcc_c_o=yes
ac_cv_prog_make_make_set=yes
am_cv_CC_dependencies_compiler_type=gcc3
pkg_cv_DEPS_CFLAGS='-pthread -I/usr/include/gtk-2.0 -I/usr/lib/gtk-2.0/include -I/usr/include/atk-1.0 -I/usr/include/cairo -I/usr/include/gdk-pixbuf-2.0 -I/usr/include/pango-1.0 -I/usr/include/glib-2.0 -I/usr/lib/glib-2.0/include -I/usr/include/pixman-1 -I/usr/include/freetype2 -I/usr/include/libpng15  '
pkg_cv_DEPS_LIBS='-pthread -lgtk-x11-2.0 -lgdk-x11-2.0 -latk-1.0 -lgio-2.0 -lpangoft2-1.0 -lpangocairo-1.0 -lgdk_pixbuf-2.0 -lcairo -lpango-1.0 -lfreetype -lfontconfig -lgobject-2.0 -lgmodule-2.0 -lgthread-2.0 -lrt -lglib-2.0  '

## ----------------- ##
## Output variables. ##
## ----------------- ##

ACLOCAL='${SHELL} /home/webhostbudd/cs225/cs225/missing --run aclocal-1.11'
AMDEPBACKSLASH='\'
AMDEP_FALSE='#'
AMDEP_TRUE=''
AMTAR='$${TAR-tar}'
AUTOCONF='${SHELL} /home/webhostbudd/cs225/cs225/missing --run autoconf'
AUTOHEADER='${SHELL} /home/webhostbudd/cs225/cs225/missing --run autoheader'
AUTOMAKE='${SHELL} /home/webhostbudd/cs225/cs225/missing --run automake-1.11'
AWK='gawk'
CC='gcc'
CCDEPMODE='depmode=gcc3'
CFLAGS='-g -O2'
CPP='gcc -E'
CPPFLAGS=''
CYGPATH_W='echo'
DEFS='-DHAVE_CONFIG_H'
DEPDIR='.deps'
DEPS_CFLAGS='-pthread -I/usr/include/gtk-2.0 -I/usr/lib/gtk-2.0/include -I/usr/include/atk-1.0 -I/usr/include/cairo -I/usr/include/gdk-pixbuf-2.0 -I/usr/include/pango-1.0 -I/usr/include/glib-2.0 -I/usr/lib/glib-2.0/include -I/usr/include/pixman-1 -I/usr/include/freetype2 -I/usr/include/libpng15  '
DEPS_LIBS='-pthread -lgtk-x11-2.0 -lgdk-x11-2.0 -latk-1.0 -lgio-2.0 -lpangoft2-1.0 -lpangocairo-1.0 -lgdk_pixbuf-2.0 -lcairo -lpango-1.0 -lfreetype -lfontconfig -lgobject-2.0 -lgmodule-2.0 -lgthread-2.0 -lrt -lglib-2.0  '
ECHO_C=''
ECHO_N='-n'
ECHO_T=''
EGREP='/bin/grep -E'
EXEEXT=''
GREP='/bin/grep'
INSTALL_DATA='${INSTALL} -m 644'
INSTALL_PROGRAM='${INSTALL}'
INSTALL_SCRIPT='${INSTALL}'
INSTALL_STRIP_PROGRAM='$(install_sh) -c -s'
LDFLAGS=''
LIBOBJS=''
LIBS=''
LTLIBOBJS=''
MAKEINFO='${SHELL} /home/webhostbudd/cs225/cs225/missing --run makeinfo'
MKDIR_P='/bin/mkdir -p'
OBJEXT='o'
PACKAGE='autoup'
PACKAGE_BUGREPORT='kenning1@illinois.edu'
PACKAGE_NAME='AutoUp'
PACKAGE_STRING='AutoUp 0.1'
PACKAGE_TARNAME='autoup'
PACKAGE_URL=''
PACKAGE_VERSION='0.1'
PATH_SEPARATOR=':'
PKG_CONFIG='/usr/bin/pkg-config'
PKG_CONFIG_LIBDIR=''
PKG_CONFIG_PATH=''
SET_MAKE=''
SHELL='/bin/sh'
STRIP=''
VERSION='0.1'
ac_ct_CC='gcc'
am__EXEEXT_FALSE=''
am__EXEEXT_TRUE='#'
am__fastdepCC_FALSE='#'
am__fastdepCC_TRUE=''
am__include='include'
am__isrc=''
am__leading_dot='.'
am__nodep='_no'
am__quote=''
am__tar='$${TAR-tar} chof - "$$tardir"'
am__untar='$${TAR-tar} xf -'
bindir='${exec_prefix}/bin'
build_alias=''
datadir='${datarootdir}'
datarootdir='${prefix}/share'
docdir='${datarootdir}/doc/${PACKAGE_TARNAME}'
dvidir='${docdir}'
exec_prefix='${prefix}'
host_alias=''
htmldir='${docdir}'
includedir='${prefix}/include'
infodir='${datarootdir}/info'
install_sh='${SHELL} /home/webhostbudd/cs225/cs225/install-sh'
libdir='${exec_prefix}/lib'
libexecdir='${exec_prefix}/libexec'
localedir='${datarootdir}/locale'
localstatedir='${prefix}/var'
mandir='${datarootdir}/man'
mkdir_p='/bin/mkdir -p'
oldincludedir='/usr/include'
pdfdir='${docdir}'
prefix='/usr/local'
program_transform_name='s,x,x,'
psdir='${docdir}'
sbindir='${exec_prefix}/sbin'
sharedstatedir='${prefix}/com'
sysconfdir='${prefix}/etc'
target_alias=''

## ----------- ##
## confdefs.h. ##
## ----------- ##

/* confdefs.h */
#define PACKAGE_NAME "AutoUp"
#define PACKAGE_TARNAME "autoup"
#define PACKAGE_VERSION "0.1"
#define PACKAGE_STRING "AutoUp 0.1"
#define PACKAGE_BUGREPORT "kenning1@illinois.edu"
#define PACKAGE_URL ""
#define STDC_HEADERS 1
#define HAVE_SYS_TYPES_H 1
#define HAVE_SYS_STAT_H 1
#define HAVE_STDLIB_H 1
#define HAVE_STRING_H 1
#define HAVE_MEMORY_H 1
#define HAVE_STRINGS_H 1
#define HAVE_INTTYPES_H 1
#define HAVE_STDINT_H 1
#define HAVE_UNISTD_H 1
#define HAVE_STDLIB_H 1
#define HAVE_STRING_H 1

configure: exit 0
